0 info it worked if it ends with ok
1 verbose cli [ '/usr/local/bin/node', '/usr/local/bin/npm', 'run', 'bot' ]
2 info using npm@3.10.8
3 info using node@v7.0.0
4 verbose run-script [ 'prebot', 'bot', 'postbot' ]
5 info lifecycle dqber@0.0.0~prebot: dqber@0.0.0
6 silly lifecycle dqber@0.0.0~prebot: no script for prebot, continuing
7 info lifecycle dqber@0.0.0~bot: dqber@0.0.0
8 verbose lifecycle dqber@0.0.0~bot: unsafe-perm in lifecycle true
9 verbose lifecycle dqber@0.0.0~bot: PATH: /usr/local/lib/node_modules/npm/bin/node-gyp-bin:/mnt/c/Users/dqber/buttbot/node_modules/.bin:/usr/local/bin:/usr/bin:/bin:/usr/local/games:/usr/games
10 verbose lifecycle dqber@0.0.0~bot: CWD: /mnt/c/Users/dqber/buttbot
11 silly lifecycle dqber@0.0.0~bot: Args: [ '-c', 'node ./lib/index.js' ]
12 silly lifecycle dqber@0.0.0~bot: Returned: code: 1  signal: null
13 info lifecycle dqber@0.0.0~bot: Failed to exec bot script
14 verbose stack Error: dqber@0.0.0 bot: `node ./lib/index.js`
14 verbose stack Exit status 1
14 verbose stack     at EventEmitter.<anonymous> (/usr/local/lib/node_modules/npm/lib/utils/lifecycle.js:255:16)
14 verbose stack     at emitTwo (events.js:106:13)
14 verbose stack     at EventEmitter.emit (events.js:191:7)
14 verbose stack     at ChildProcess.<anonymous> (/usr/local/lib/node_modules/npm/lib/utils/spawn.js:40:14)
14 verbose stack     at emitTwo (events.js:106:13)
14 verbose stack     at ChildProcess.emit (events.js:191:7)
14 verbose stack     at maybeClose (internal/child_process.js:877:16)
14 verbose stack     at Process.ChildProcess._handle.onexit (internal/child_process.js:226:5)
15 verbose pkgid dqber@0.0.0
16 verbose cwd /mnt/c/Users/dqber/buttbot/lib
17 error Linux 3.4.0+
18 error argv "/usr/local/bin/node" "/usr/local/bin/npm" "run" "bot"
19 error node v7.0.0
20 error npm  v3.10.8
21 error code ELIFECYCLE
22 error dqber@0.0.0 bot: `node ./lib/index.js`
22 error Exit status 1
23 error Failed at the dqber@0.0.0 bot script 'node ./lib/index.js'.
23 error Make sure you have the latest version of node.js and npm installed.
23 error If you do, this is most likely a problem with the dqber package,
23 error not with npm itself.
23 error Tell the author that this fails on your system:
23 error     node ./lib/index.js
23 error You can get information on how to open an issue for this project with:
23 error     npm bugs dqber
23 error Or if that isn't available, you can get their info via:
23 error     npm owner ls dqber
23 error There is likely additional logging output above.
24 verbose exit [ 1, true ]
